action=akshare
command=D:\AI\apps\exe\anaconda3\pythonw.exe -m quant.apps.start akshare
return_code=0

[stdout]
[1] Run AkShare daily paper workflow
    D:\AI\apps\exe\anaconda3\pythonw.exe -m quant.apps.daily --source akshare --start-date 2025-10-02 --end-date 2026-06-19 --market-sqlite research_store/market_data.sqlite3 --paper-sqlite research_store/paper_trading.sqlite3 --report-dir research_store/reports --output research_store/reports/daily_summary.json --benchmark-code equal_weight --no-lock --akshare-limit 30
    note: Requires `pip install akshare` and network access to AkShare upstream data sources.
    Wrote daily workflow summary to research_store\reports\daily_summary.json
    Daily workflow status: SUCCESS
[2] Render daily report
    D:\AI\apps\exe\anaconda3\pythonw.exe -m quant.apps.report daily --summary research_store/reports/daily_summary.json --paper-sqlite research_store/paper_trading.sqlite3 --output-md research_store/reports/daily_report.md --output-html research_store/reports/daily_report.html
    Wrote daily report for 2026-06-18 to research_store\reports\daily_report.md
    Wrote HTML report to research_store\reports\daily_report.html

AkShare daily workflow completed.
Next files to open:
  - research_store\reports\operator_home.html
  - research_store/reports/daily_report.html
  - research_store/reports/daily_summary.json

Reminder: this is still paper trading. QMT live trading is not connected.


[stderr]
